<?xml version="1.0" encoding="UTF-8"?>
<testsuite name="com.example.solospring1.web.ProfileControllerUnitTest" tests="2" skipped="0" failures="0" errors="0" timestamp="2022-08-30T03:55:26" hostname="DESKTOP-05RMGV8" time="0.006">
  <properties/>
  <testcase name="real_profile이_없으면_첫_번째가_조회된다" classname="com.example.solospring1.web.ProfileControllerUnitTest" time="0.005"/>
  <testcase name="real_profile이_조회된다" classname="com.example.solospring1.web.ProfileControllerUnitTest" time="0.001"/>
  <system-out><![CDATA[]]></system-out>
  <system-err><![CDATA[]]></system-err>
</testsuite>
