<?xml version="1.0" encoding="UTF-8"?>
<testsuite name="com.example.solospring1.domain.posts.PostsRepositoryTest" tests="2" skipped="0" failures="0" errors="0" timestamp="2022-08-14T17:48:24" hostname="DESKTOP-05RMGV8" time="0.157">
  <properties/>
  <testcase name="게시글저장_불러오기" classname="com.example.solospring1.domain.posts.PostsRepositoryTest" time="0.147"/>
  <testcase name="BaseTimeEntity_등록" classname="com.example.solospring1.domain.posts.PostsRepositoryTest" time="0.01"/>
  <system-out><![CDATA[2022-08-15 02:48:22.579  INFO 31068 --- [    Test worker] .b.t.c.SpringBootTestContextBootstrapper : Neither @ContextConfiguration nor @ContextHierarchy found for test class [com.example.solospring1.domain.posts.PostsRepositoryTest], using SpringBootContextLoader
2022-08-15 02:48:22.581  INFO 31068 --- [    Test worker] o.s.t.c.support.AbstractContextLoader    : Could not detect default resource locations for test class [com.example.solospring1.domain.posts.PostsRepositoryTest]: no resource found for suffixes {-context.xml, Context.groovy}.
2022-08-15 02:48:22.582  INFO 31068 --- [    Test worker] t.c.s.AnnotationConfigContextLoaderUtils : Could not detect default configuration classes for test class [com.example.solospring1.domain.posts.PostsRepositoryTest]: PostsRepositoryTest does not declare any static, non-private, non-final, nested classes annotated with @Configuration.
2022-08-15 02:48:22.607  INFO 31068 --- [    Test worker] .b.t.c.SpringBootTestContextBootstrapper : Found @SpringBootConfiguration com.example.solospring1.Application for test class com.example.solospring1.domain.posts.PostsRepositoryTest
2022-08-15 02:48:22.610  INFO 31068 --- [    Test worker] .b.t.c.SpringBootTestContextBootstrapper : Loaded default TestExecutionListener class names from location [META-INF/spring.factories]: [org.springframework.security.test.context.support.WithSecurityContextTestExecutionListener, org.springframework.security.test.context.support.ReactorContextTestExecutionListener, org.springframework.boot.test.autoconfigure.restdocs.RestDocsTestExecutionListener, org.springframework.boot.test.autoconfigure.web.client.MockRestServiceServerResetTestExecutionListener, org.springframework.boot.test.autoconfigure.web.servlet.MockMvcPrintOnlyOnFailureTestExecutionListener, org.springframework.boot.test.autoconfigure.web.servlet.WebDriverTestExecutionListener, org.springframework.boot.test.mock.mockito.MockitoTestExecutionListener, org.springframework.boot.test.mock.mockito.ResetMocksTestExecutionListener, org.springframework.test.context.web.ServletTestExecutionListener, org.springframework.test.context.support.DirtiesContextBeforeModesTestExecutionListener, org.springframework.test.context.support.DependencyInjectionTestExecutionListener, org.springframework.test.context.support.DirtiesContextTestExecutionListener, org.springframework.test.context.transaction.TransactionalTestExecutionListener, org.springframework.test.context.jdbc.SqlScriptsTestExecutionListener]
2022-08-15 02:48:22.611  INFO 31068 --- [    Test worker] .b.t.c.SpringBootTestContextBootstrapper : Using TestExecutionListeners: [org.springframework.test.context.web.ServletTestExecutionListener@47541b42, org.springframework.test.context.support.DirtiesContextBeforeModesTestExecutionListener@17fbbf0a, org.springframework.boot.test.mock.mockito.MockitoTestExecutionListener@41dbf02b, org.springframework.boot.test.autoconfigure.SpringBootDependencyInjectionTestExecutionListener@6a28d987, org.springframework.test.context.support.DirtiesContextTestExecutionListener@d41518b, org.springframework.test.context.transaction.TransactionalTestExecutionListener@4708acc6, org.springframework.test.context.jdbc.SqlScriptsTestExecutionListener@59cc46a4, org.springframework.security.test.context.support.WithSecurityContextTestExecutionListener@750448fb, org.springframework.security.test.context.support.ReactorContextTestExecutionListener@724e82d9, org.springframework.boot.test.autoconfigure.restdocs.RestDocsTestExecutionListener@70a26eca, org.springframework.boot.test.autoconfigure.web.client.MockRestServiceServerResetTestExecutionListener@4b60ff1c, org.springframework.boot.test.autoconfigure.web.servlet.MockMvcPrintOnlyOnFailureTestExecutionListener@1c74251b, org.springframework.boot.test.autoconfigure.web.servlet.WebDriverTestExecutionListener@1aaa3406, org.springframework.boot.test.mock.mockito.ResetMocksTestExecutionListener@791dcda7]

  .   ____          _            __ _ _
 /\\ / ___'_ __ _ _(_)_ __  __ _ \ \ \ \
( ( )\___ | '_ | '_| | '_ \/ _` | \ \ \ \
 \\/  ___)| |_)| | | | | || (_| |  ) ) ) )
  '  |____| .__|_| |_|_| |_\__, | / / / /
 =========|_|==============|___/=/_/_/_/
 :: Spring Boot ::        (v2.1.7.RELEASE)

2022-08-15 02:48:22.660  INFO 31068 --- [    Test worker] c.e.s.domain.posts.PostsRepositoryTest   : Starting PostsRepositoryTest on DESKTOP-05RMGV8 with PID 31068 (started by ki wook in G:\spring\soloSpring1)
2022-08-15 02:48:22.660  INFO 31068 --- [    Test worker] c.e.s.domain.posts.PostsRepositoryTest   : The following profiles are active: oauth
2022-08-15 02:48:23.121  INFO 31068 --- [    Test worker] .s.d.r.c.RepositoryConfigurationDelegate : Bootstrapping Spring Data repositories in DEFAULT mode.
2022-08-15 02:48:23.159  INFO 31068 --- [    Test worker] .s.d.r.c.RepositoryConfigurationDelegate : Finished Spring Data repository scanning in 38ms. Found 2 repository interfaces.
2022-08-15 02:48:23.298  INFO 31068 --- [    Test worker] trationDelegate$BeanPostProcessorChecker : Bean 'org.springframework.transaction.annotation.ProxyTransactionManagementConfiguration' of type [org.springframework.transaction.annotation.ProxyTransactionManagementConfiguration$$EnhancerBySpringCGLIB$$7bae2c7a] is not eligible for getting processed by all BeanPostProcessors (for example: not eligible for auto-proxying)
2022-08-15 02:48:23.415  INFO 31068 --- [    Test worker] com.zaxxer.hikari.HikariDataSource       : HikariPool-2 - Starting...
2022-08-15 02:48:23.419  INFO 31068 --- [    Test worker] com.zaxxer.hikari.HikariDataSource       : HikariPool-2 - Start completed.
2022-08-15 02:48:23.464  INFO 31068 --- [    Test worker] o.hibernate.jpa.internal.util.LogHelper  : HHH000204: Processing PersistenceUnitInfo [
	name: default
	...]
2022-08-15 02:48:23.480  INFO 31068 --- [    Test worker] org.hibernate.dialect.Dialect            : HHH000400: Using dialect: org.hibernate.dialect.MySQL5InnoDBDialect
Hibernate: drop table if exists posts
Hibernate: drop table if exists user
Hibernate: create table posts (id bigint not null auto_increment, created_date datetime, modified_date datetime, author varchar(255), content TEXT not null, title varchar(500) not null, primary key (id)) engine=InnoDB
Hibernate: create table user (id bigint not null auto_increment, created_date datetime, modified_date datetime, email varchar(255) not null, name varchar(255) not null, picture varchar(255), role varchar(255) not null, primary key (id)) engine=InnoDB
2022-08-15 02:48:23.556  INFO 31068 --- [    Test worker] o.h.t.schema.internal.SchemaCreatorImpl  : HHH000476: Executing import script 'org.hibernate.tool.schema.internal.exec.ScriptSourceInputNonExistentImpl@50b78155'
2022-08-15 02:48:23.556  INFO 31068 --- [    Test worker] j.LocalContainerEntityManagerFactoryBean : Initialized JPA EntityManagerFactory for persistence unit 'default'
2022-08-15 02:48:23.800  INFO 31068 --- [    Test worker] o.h.h.i.QueryTranslatorFactoryInitiator  : HHH000397: Using ASTQueryTranslatorFactory
2022-08-15 02:48:23.971  INFO 31068 --- [    Test worker] o.s.s.web.DefaultSecurityFilterChain     : Creating filter chain: any request, [org.springframework.security.web.context.request.async.WebAsyncManagerIntegrationFilter@31b2c451, org.springframework.security.web.context.SecurityContextPersistenceFilter@650929dc, org.springframework.security.web.header.HeaderWriterFilter@377b773c, org.springframework.security.web.authentication.logout.LogoutFilter@451393a9, org.springframework.security.oauth2.client.web.OAuth2AuthorizationRequestRedirectFilter@3f04349b, org.springframework.security.oauth2.client.web.OAuth2LoginAuthenticationFilter@14ca4b4d, org.springframework.security.web.authentication.ui.DefaultLoginPageGeneratingFilter@69780093, org.springframework.security.web.authentication.ui.DefaultLogoutPageGeneratingFilter@1201c2f6, org.springframework.security.web.savedrequest.RequestCacheAwareFilter@1435a8ca, org.springframework.security.web.servletapi.SecurityContextHolderAwareRequestFilter@781befe7, org.springframework.security.web.authentication.AnonymousAuthenticationFilter@cbf9cc1, org.springframework.security.web.session.SessionManagementFilter@18213a65, org.springframework.security.web.access.ExceptionTranslationFilter@260af8f7, org.springframework.security.web.access.intercept.FilterSecurityInterceptor@3d41881]
2022-08-15 02:48:24.254  INFO 31068 --- [    Test worker] o.s.s.concurrent.ThreadPoolTaskExecutor  : Initializing ExecutorService 'applicationTaskExecutor'
2022-08-15 02:48:24.264  WARN 31068 --- [    Test worker] aWebConfiguration$JpaWebMvcConfiguration : spring.jpa.open-in-view is enabled by default. Therefore, database queries may be performed during view rendering. Explicitly configure spring.jpa.open-in-view to disable this warning
2022-08-15 02:48:24.298  INFO 31068 --- [    Test worker] o.s.b.a.w.s.WelcomePageHandlerMapping    : Adding welcome page template: index
2022-08-15 02:48:24.640  INFO 31068 --- [    Test worker] s.a.ScheduledAnnotationBeanPostProcessor : No TaskScheduler/ScheduledExecutorService bean found for scheduled processing
2022-08-15 02:48:24.642  INFO 31068 --- [    Test worker] c.e.s.domain.posts.PostsRepositoryTest   : Started PostsRepositoryTest in 2.029 seconds (JVM running for 16.085)
Hibernate: insert into posts (created_date, modified_date, author, content, title) values (?, ?, ?, ?, ?)
Hibernate: select posts0_.id as id1_0_, posts0_.created_date as created_2_0_, posts0_.modified_date as modified3_0_, posts0_.author as author4_0_, posts0_.content as content5_0_, posts0_.title as title6_0_ from posts posts0_
Hibernate: select posts0_.id as id1_0_, posts0_.created_date as created_2_0_, posts0_.modified_date as modified3_0_, posts0_.author as author4_0_, posts0_.content as content5_0_, posts0_.title as title6_0_ from posts posts0_
Hibernate: delete from posts where id=?
Hibernate: insert into posts (created_date, modified_date, author, content, title) values (?, ?, ?, ?, ?)
Hibernate: select posts0_.id as id1_0_, posts0_.created_date as created_2_0_, posts0_.modified_date as modified3_0_, posts0_.author as author4_0_, posts0_.content as content5_0_, posts0_.title as title6_0_ from posts posts0_
>>>>>>>>> createDate=2022-08-15T02:48:24.796550, modifiedDate=2022-08-15T02:48:24.796550
Hibernate: select posts0_.id as id1_0_, posts0_.created_date as created_2_0_, posts0_.modified_date as modified3_0_, posts0_.author as author4_0_, posts0_.content as content5_0_, posts0_.title as title6_0_ from posts posts0_
Hibernate: delete from posts where id=?
]]></system-out>
  <system-err><![CDATA[]]></system-err>
</testsuite>
