<?xml version="1.0" encoding="UTF-8"?>
<testsuite name="com.example.solospring1.web.PostsApiControllerTest" tests="2" skipped="0" failures="0" errors="0" timestamp="2022-08-14T17:48:24" hostname="DESKTOP-05RMGV8" time="0.096">
  <properties/>
  <testcase name="Posts_등록된다" classname="com.example.solospring1.web.PostsApiControllerTest" time="0.069"/>
  <testcase name="Posts_수정된다" classname="com.example.solospring1.web.PostsApiControllerTest" time="0.026"/>
  <system-out><![CDATA[2022-08-15 02:48:24.807  INFO 31068 --- [    Test worker] .b.t.c.SpringBootTestContextBootstrapper : Neither @ContextConfiguration nor @ContextHierarchy found for test class [com.example.solospring1.web.PostsApiControllerTest], using SpringBootContextLoader
2022-08-15 02:48:24.808  INFO 31068 --- [    Test worker] o.s.t.c.support.AbstractContextLoader    : Could not detect default resource locations for test class [com.example.solospring1.web.PostsApiControllerTest]: no resource found for suffixes {-context.xml, Context.groovy}.
2022-08-15 02:48:24.808  INFO 31068 --- [    Test worker] t.c.s.AnnotationConfigContextLoaderUtils : Could not detect default configuration classes for test class [com.example.solospring1.web.PostsApiControllerTest]: PostsApiControllerTest does not declare any static, non-private, non-final, nested classes annotated with @Configuration.
2022-08-15 02:48:24.810  INFO 31068 --- [    Test worker] .b.t.c.SpringBootTestContextBootstrapper : Found @SpringBootConfiguration com.example.solospring1.Application for test class com.example.solospring1.web.PostsApiControllerTest
2022-08-15 02:48:24.812  INFO 31068 --- [    Test worker] .b.t.c.SpringBootTestContextBootstrapper : Loaded default TestExecutionListener class names from location [META-INF/spring.factories]: [org.springframework.security.test.context.support.WithSecurityContextTestExecutionListener, org.springframework.security.test.context.support.ReactorContextTestExecutionListener, org.springframework.boot.test.autoconfigure.restdocs.RestDocsTestExecutionListener, org.springframework.boot.test.autoconfigure.web.client.MockRestServiceServerResetTestExecutionListener, org.springframework.boot.test.autoconfigure.web.servlet.MockMvcPrintOnlyOnFailureTestExecutionListener, org.springframework.boot.test.autoconfigure.web.servlet.WebDriverTestExecutionListener, org.springframework.boot.test.mock.mockito.MockitoTestExecutionListener, org.springframework.boot.test.mock.mockito.ResetMocksTestExecutionListener, org.springframework.test.context.web.ServletTestExecutionListener, org.springframework.test.context.support.DirtiesContextBeforeModesTestExecutionListener, org.springframework.test.context.support.DependencyInjectionTestExecutionListener, org.springframework.test.context.support.DirtiesContextTestExecutionListener, org.springframework.test.context.transaction.TransactionalTestExecutionListener, org.springframework.test.context.jdbc.SqlScriptsTestExecutionListener]
2022-08-15 02:48:24.813  INFO 31068 --- [    Test worker] .b.t.c.SpringBootTestContextBootstrapper : Using TestExecutionListeners: [org.springframework.test.context.web.ServletTestExecutionListener@21f8aa9c, org.springframework.test.context.support.DirtiesContextBeforeModesTestExecutionListener@7a1587e8, org.springframework.boot.test.mock.mockito.MockitoTestExecutionListener@410c1f44, org.springframework.boot.test.autoconfigure.SpringBootDependencyInjectionTestExecutionListener@16ef07fa, org.springframework.test.context.support.DirtiesContextTestExecutionListener@7227e3f1, org.springframework.test.context.transaction.TransactionalTestExecutionListener@245b009a, org.springframework.test.context.jdbc.SqlScriptsTestExecutionListener@50ccd6a, org.springframework.security.test.context.support.WithSecurityContextTestExecutionListener@6bb2dae6, org.springframework.security.test.context.support.ReactorContextTestExecutionListener@26c7940a, org.springframework.boot.test.autoconfigure.restdocs.RestDocsTestExecutionListener@5a640f98, org.springframework.boot.test.autoconfigure.web.client.MockRestServiceServerResetTestExecutionListener@39e0fe23, org.springframework.boot.test.autoconfigure.web.servlet.MockMvcPrintOnlyOnFailureTestExecutionListener@44f86613, org.springframework.boot.test.autoconfigure.web.servlet.WebDriverTestExecutionListener@5e05dd42, org.springframework.boot.test.mock.mockito.ResetMocksTestExecutionListener@246701d5]
2022-08-15 02:48:24.825  INFO 31068 --- [    Test worker] o.a.c.c.C.[Tomcat].[localhost].[/]       : Initializing Spring TestDispatcherServlet ''
2022-08-15 02:48:24.825  INFO 31068 --- [    Test worker] o.s.t.web.servlet.TestDispatcherServlet  : Initializing Servlet ''
2022-08-15 02:48:24.827  INFO 31068 --- [    Test worker] o.s.t.web.servlet.TestDispatcherServlet  : Completed initialization in 2 ms
Hibernate: insert into posts (created_date, modified_date, author, content, title) values (?, ?, ?, ?, ?)
Hibernate: select posts0_.id as id1_0_, posts0_.created_date as created_2_0_, posts0_.modified_date as modified3_0_, posts0_.author as author4_0_, posts0_.content as content5_0_, posts0_.title as title6_0_ from posts posts0_
Hibernate: select posts0_.id as id1_0_, posts0_.created_date as created_2_0_, posts0_.modified_date as modified3_0_, posts0_.author as author4_0_, posts0_.content as content5_0_, posts0_.title as title6_0_ from posts posts0_
Hibernate: delete from posts where id=?
2022-08-15 02:48:24.889  INFO 31068 --- [    Test worker] o.a.c.c.C.[Tomcat].[localhost].[/]       : Initializing Spring TestDispatcherServlet ''
2022-08-15 02:48:24.889  INFO 31068 --- [    Test worker] o.s.t.web.servlet.TestDispatcherServlet  : Initializing Servlet ''
2022-08-15 02:48:24.891  INFO 31068 --- [    Test worker] o.s.t.web.servlet.TestDispatcherServlet  : Completed initialization in 2 ms
Hibernate: insert into posts (created_date, modified_date, author, content, title) values (?, ?, ?, ?, ?)
Hibernate: select posts0_.id as id1_0_0_, posts0_.created_date as created_2_0_0_, posts0_.modified_date as modified3_0_0_, posts0_.author as author4_0_0_, posts0_.content as content5_0_0_, posts0_.title as title6_0_0_ from posts posts0_ where posts0_.id=?
Hibernate: update posts set created_date=?, modified_date=?, author=?, content=?, title=? where id=?
Hibernate: select posts0_.id as id1_0_, posts0_.created_date as created_2_0_, posts0_.modified_date as modified3_0_, posts0_.author as author4_0_, posts0_.content as content5_0_, posts0_.title as title6_0_ from posts posts0_
Hibernate: select posts0_.id as id1_0_, posts0_.created_date as created_2_0_, posts0_.modified_date as modified3_0_, posts0_.author as author4_0_, posts0_.content as content5_0_, posts0_.title as title6_0_ from posts posts0_
Hibernate: delete from posts where id=?
]]></system-out>
  <system-err><![CDATA[]]></system-err>
</testsuite>
