<?xml version="1.0" encoding="UTF-8"?>
<testsuite name="com.example.solospring1.web.PostsApiControllerTest" tests="2" skipped="0" failures="0" errors="0" timestamp="2022-08-19T13:47:15" hostname="DESKTOP-05RMGV8" time="0.17">
  <properties/>
  <testcase name="Posts_등록된다" classname="com.example.solospring1.web.PostsApiControllerTest" time="0.11"/>
  <testcase name="Posts_수정된다" classname="com.example.solospring1.web.PostsApiControllerTest" time="0.058"/>
  <system-out><![CDATA[2022-08-19 22:47:15.926  INFO 9612 --- [    Test worker] .b.t.c.SpringBootTestContextBootstrapper : Neither @ContextConfiguration nor @ContextHierarchy found for test class [com.example.solospring1.web.PostsApiControllerTest], using SpringBootContextLoader
2022-08-19 22:47:15.929  INFO 9612 --- [    Test worker] o.s.t.c.support.AbstractContextLoader    : Could not detect default resource locations for test class [com.example.solospring1.web.PostsApiControllerTest]: no resource found for suffixes {-context.xml, Context.groovy}.
2022-08-19 22:47:15.929  INFO 9612 --- [    Test worker] t.c.s.AnnotationConfigContextLoaderUtils : Could not detect default configuration classes for test class [com.example.solospring1.web.PostsApiControllerTest]: PostsApiControllerTest does not declare any static, non-private, non-final, nested classes annotated with @Configuration.
2022-08-19 22:47:15.934  INFO 9612 --- [    Test worker] .b.t.c.SpringBootTestContextBootstrapper : Found @SpringBootConfiguration com.example.solospring1.Application for test class com.example.solospring1.web.PostsApiControllerTest
2022-08-19 22:47:15.937  INFO 9612 --- [    Test worker] .b.t.c.SpringBootTestContextBootstrapper : Loaded default TestExecutionListener class names from location [META-INF/spring.factories]: [org.springframework.security.test.context.support.WithSecurityContextTestExecutionListener, org.springframework.security.test.context.support.ReactorContextTestExecutionListener, org.springframework.boot.test.autoconfigure.restdocs.RestDocsTestExecutionListener, org.springframework.boot.test.autoconfigure.web.client.MockRestServiceServerResetTestExecutionListener, org.springframework.boot.test.autoconfigure.web.servlet.MockMvcPrintOnlyOnFailureTestExecutionListener, org.springframework.boot.test.autoconfigure.web.servlet.WebDriverTestExecutionListener, org.springframework.boot.test.mock.mockito.MockitoTestExecutionListener, org.springframework.boot.test.mock.mockito.ResetMocksTestExecutionListener, org.springframework.test.context.web.ServletTestExecutionListener, org.springframework.test.context.support.DirtiesContextBeforeModesTestExecutionListener, org.springframework.test.context.support.DependencyInjectionTestExecutionListener, org.springframework.test.context.support.DirtiesContextTestExecutionListener, org.springframework.test.context.transaction.TransactionalTestExecutionListener, org.springframework.test.context.jdbc.SqlScriptsTestExecutionListener]
2022-08-19 22:47:15.939  INFO 9612 --- [    Test worker] .b.t.c.SpringBootTestContextBootstrapper : Using TestExecutionListeners: [org.springframework.test.context.web.ServletTestExecutionListener@771deee6, org.springframework.test.context.support.DirtiesContextBeforeModesTestExecutionListener@345effd7, org.springframework.boot.test.mock.mockito.MockitoTestExecutionListener@b9750f0, org.springframework.boot.test.autoconfigure.SpringBootDependencyInjectionTestExecutionListener@2d854c13, org.springframework.test.context.support.DirtiesContextTestExecutionListener@3577fd9b, org.springframework.test.context.transaction.TransactionalTestExecutionListener@76140ca5, org.springframework.test.context.jdbc.SqlScriptsTestExecutionListener@47b5c247, org.springframework.security.test.context.support.WithSecurityContextTestExecutionListener@4057eb76, org.springframework.security.test.context.support.ReactorContextTestExecutionListener@4ac64dc2, org.springframework.boot.test.autoconfigure.restdocs.RestDocsTestExecutionListener@1c61011b, org.springframework.boot.test.autoconfigure.web.client.MockRestServiceServerResetTestExecutionListener@75af5f2a, org.springframework.boot.test.autoconfigure.web.servlet.MockMvcPrintOnlyOnFailureTestExecutionListener@adc06b2, org.springframework.boot.test.autoconfigure.web.servlet.WebDriverTestExecutionListener@728cf276, org.springframework.boot.test.mock.mockito.ResetMocksTestExecutionListener@66f15ce5]
2022-08-19 22:47:15.952  INFO 9612 --- [    Test worker] o.a.c.c.C.[Tomcat].[localhost].[/]       : Initializing Spring TestDispatcherServlet ''
2022-08-19 22:47:15.952  INFO 9612 --- [    Test worker] o.s.t.web.servlet.TestDispatcherServlet  : Initializing Servlet ''
2022-08-19 22:47:15.956  INFO 9612 --- [    Test worker] o.s.t.web.servlet.TestDispatcherServlet  : Completed initialization in 4 ms
Hibernate: insert into posts (created_date, modified_date, author, content, title) values (?, ?, ?, ?, ?)
Hibernate: select posts0_.id as id1_0_, posts0_.created_date as created_2_0_, posts0_.modified_date as modified3_0_, posts0_.author as author4_0_, posts0_.content as content5_0_, posts0_.title as title6_0_ from posts posts0_
Hibernate: select posts0_.id as id1_0_, posts0_.created_date as created_2_0_, posts0_.modified_date as modified3_0_, posts0_.author as author4_0_, posts0_.content as content5_0_, posts0_.title as title6_0_ from posts posts0_
Hibernate: delete from posts where id=?
2022-08-19 22:47:16.060  INFO 9612 --- [    Test worker] o.a.c.c.C.[Tomcat].[localhost].[/]       : Initializing Spring TestDispatcherServlet ''
2022-08-19 22:47:16.060  INFO 9612 --- [    Test worker] o.s.t.web.servlet.TestDispatcherServlet  : Initializing Servlet ''
2022-08-19 22:47:16.064  INFO 9612 --- [    Test worker] o.s.t.web.servlet.TestDispatcherServlet  : Completed initialization in 4 ms
Hibernate: insert into posts (created_date, modified_date, author, content, title) values (?, ?, ?, ?, ?)
Hibernate: select posts0_.id as id1_0_0_, posts0_.created_date as created_2_0_0_, posts0_.modified_date as modified3_0_0_, posts0_.author as author4_0_0_, posts0_.content as content5_0_0_, posts0_.title as title6_0_0_ from posts posts0_ where posts0_.id=?
Hibernate: update posts set created_date=?, modified_date=?, author=?, content=?, title=? where id=?
Hibernate: select posts0_.id as id1_0_, posts0_.created_date as created_2_0_, posts0_.modified_date as modified3_0_, posts0_.author as author4_0_, posts0_.content as content5_0_, posts0_.title as title6_0_ from posts posts0_
Hibernate: select posts0_.id as id1_0_, posts0_.created_date as created_2_0_, posts0_.modified_date as modified3_0_, posts0_.author as author4_0_, posts0_.content as content5_0_, posts0_.title as title6_0_ from posts posts0_
Hibernate: delete from posts where id=?
]]></system-out>
  <system-err><![CDATA[]]></system-err>
</testsuite>
