<?xml version="1.0" encoding="UTF-8"?>
<testsuite name="com.example.solospring1.domain.posts.PostsRepositoryTest" tests="2" skipped="0" failures="0" errors="0" timestamp="2022-08-19T13:47:14" hostname="DESKTOP-05RMGV8" time="0.156">
  <properties/>
  <testcase name="게시글저장_불러오기" classname="com.example.solospring1.domain.posts.PostsRepositoryTest" time="0.139"/>
  <testcase name="BaseTimeEntity_등록" classname="com.example.solospring1.domain.posts.PostsRepositoryTest" time="0.017"/>
  <system-out><![CDATA[2022-08-19 22:47:12.077  INFO 9612 --- [    Test worker] .b.t.c.SpringBootTestContextBootstrapper : Neither @ContextConfiguration nor @ContextHierarchy found for test class [com.example.solospring1.domain.posts.PostsRepositoryTest], using SpringBootContextLoader
2022-08-19 22:47:12.078  INFO 9612 --- [    Test worker] o.s.t.c.support.AbstractContextLoader    : Could not detect default resource locations for test class [com.example.solospring1.domain.posts.PostsRepositoryTest]: no resource found for suffixes {-context.xml, Context.groovy}.
2022-08-19 22:47:12.078  INFO 9612 --- [    Test worker] t.c.s.AnnotationConfigContextLoaderUtils : Could not detect default configuration classes for test class [com.example.solospring1.domain.posts.PostsRepositoryTest]: PostsRepositoryTest does not declare any static, non-private, non-final, nested classes annotated with @Configuration.
2022-08-19 22:47:12.095  INFO 9612 --- [    Test worker] .b.t.c.SpringBootTestContextBootstrapper : Found @SpringBootConfiguration com.example.solospring1.Application for test class com.example.solospring1.domain.posts.PostsRepositoryTest
2022-08-19 22:47:12.098  INFO 9612 --- [    Test worker] .b.t.c.SpringBootTestContextBootstrapper : Loaded default TestExecutionListener class names from location [META-INF/spring.factories]: [org.springframework.security.test.context.support.WithSecurityContextTestExecutionListener, org.springframework.security.test.context.support.ReactorContextTestExecutionListener, org.springframework.boot.test.autoconfigure.restdocs.RestDocsTestExecutionListener, org.springframework.boot.test.autoconfigure.web.client.MockRestServiceServerResetTestExecutionListener, org.springframework.boot.test.autoconfigure.web.servlet.MockMvcPrintOnlyOnFailureTestExecutionListener, org.springframework.boot.test.autoconfigure.web.servlet.WebDriverTestExecutionListener, org.springframework.boot.test.mock.mockito.MockitoTestExecutionListener, org.springframework.boot.test.mock.mockito.ResetMocksTestExecutionListener, org.springframework.test.context.web.ServletTestExecutionListener, org.springframework.test.context.support.DirtiesContextBeforeModesTestExecutionListener, org.springframework.test.context.support.DependencyInjectionTestExecutionListener, org.springframework.test.context.support.DirtiesContextTestExecutionListener, org.springframework.test.context.transaction.TransactionalTestExecutionListener, org.springframework.test.context.jdbc.SqlScriptsTestExecutionListener]
2022-08-19 22:47:12.100  INFO 9612 --- [    Test worker] .b.t.c.SpringBootTestContextBootstrapper : Using TestExecutionListeners: [org.springframework.test.context.web.ServletTestExecutionListener@6bf2ecbb, org.springframework.test.context.support.DirtiesContextBeforeModesTestExecutionListener@1300112e, org.springframework.boot.test.mock.mockito.MockitoTestExecutionListener@5955568, org.springframework.boot.test.autoconfigure.SpringBootDependencyInjectionTestExecutionListener@444fbd13, org.springframework.test.context.support.DirtiesContextTestExecutionListener@38241615, org.springframework.test.context.transaction.TransactionalTestExecutionListener@2b3ee95e, org.springframework.test.context.jdbc.SqlScriptsTestExecutionListener@42fc744, org.springframework.security.test.context.support.WithSecurityContextTestExecutionListener@3db145f7, org.springframework.security.test.context.support.ReactorContextTestExecutionListener@25bd68ea, org.springframework.boot.test.autoconfigure.restdocs.RestDocsTestExecutionListener@7915111a, org.springframework.boot.test.autoconfigure.web.client.MockRestServiceServerResetTestExecutionListener@37aec9b, org.springframework.boot.test.autoconfigure.web.servlet.MockMvcPrintOnlyOnFailureTestExecutionListener@34538ffe, org.springframework.boot.test.autoconfigure.web.servlet.WebDriverTestExecutionListener@7ae75ba6, org.springframework.boot.test.mock.mockito.ResetMocksTestExecutionListener@2bab1821]

  .   ____          _            __ _ _
 /\\ / ___'_ __ _ _(_)_ __  __ _ \ \ \ \
( ( )\___ | '_ | '_| | '_ \/ _` | \ \ \ \
 \\/  ___)| |_)| | | | | || (_| |  ) ) ) )
  '  |____| .__|_| |_|_| |_\__, | / / / /
 =========|_|==============|___/=/_/_/_/
 :: Spring Boot ::        (v2.1.7.RELEASE)

2022-08-19 22:47:12.167  INFO 9612 --- [    Test worker] c.e.s.domain.posts.PostsRepositoryTest   : Starting PostsRepositoryTest on DESKTOP-05RMGV8 with PID 9612 (started by ki wook in G:\spring\soloSpring1)
2022-08-19 22:47:12.167  INFO 9612 --- [    Test worker] c.e.s.domain.posts.PostsRepositoryTest   : The following profiles are active: oauth
2022-08-19 22:47:12.578  INFO 9612 --- [    Test worker] .s.d.r.c.RepositoryConfigurationDelegate : Bootstrapping Spring Data repositories in DEFAULT mode.
2022-08-19 22:47:12.622  INFO 9612 --- [    Test worker] .s.d.r.c.RepositoryConfigurationDelegate : Finished Spring Data repository scanning in 43ms. Found 2 repository interfaces.
2022-08-19 22:47:12.791  INFO 9612 --- [    Test worker] trationDelegate$BeanPostProcessorChecker : Bean 'org.springframework.transaction.annotation.ProxyTransactionManagementConfiguration' of type [org.springframework.transaction.annotation.ProxyTransactionManagementConfiguration$$EnhancerBySpringCGLIB$$2698c87a] is not eligible for getting processed by all BeanPostProcessors (for example: not eligible for auto-proxying)
2022-08-19 22:47:12.903  INFO 9612 --- [    Test worker] com.zaxxer.hikari.HikariDataSource       : HikariPool-2 - Starting...
2022-08-19 22:47:12.905  INFO 9612 --- [    Test worker] com.zaxxer.hikari.HikariDataSource       : HikariPool-2 - Start completed.
2022-08-19 22:47:12.944  INFO 9612 --- [    Test worker] o.hibernate.jpa.internal.util.LogHelper  : HHH000204: Processing PersistenceUnitInfo [
	name: default
	...]
2022-08-19 22:47:12.964  INFO 9612 --- [    Test worker] org.hibernate.dialect.Dialect            : HHH000400: Using dialect: org.hibernate.dialect.MySQL5InnoDBDialect
Hibernate: drop table if exists posts
Hibernate: drop table if exists user
Hibernate: create table posts (id bigint not null auto_increment, created_date datetime, modified_date datetime, author varchar(255), content TEXT not null, title varchar(500) not null, primary key (id)) engine=InnoDB
Hibernate: create table user (id bigint not null auto_increment, created_date datetime, modified_date datetime, email varchar(255) not null, name varchar(255) not null, picture varchar(255), role varchar(255) not null, primary key (id)) engine=InnoDB
2022-08-19 22:47:13.023  INFO 9612 --- [    Test worker] o.h.t.schema.internal.SchemaCreatorImpl  : HHH000476: Executing import script 'org.hibernate.tool.schema.internal.exec.ScriptSourceInputNonExistentImpl@20d65767'
2022-08-19 22:47:13.024  INFO 9612 --- [    Test worker] j.LocalContainerEntityManagerFactoryBean : Initialized JPA EntityManagerFactory for persistence unit 'default'
2022-08-19 22:47:13.289  INFO 9612 --- [    Test worker] o.h.h.i.QueryTranslatorFactoryInitiator  : HHH000397: Using ASTQueryTranslatorFactory
2022-08-19 22:47:13.496  INFO 9612 --- [    Test worker] o.s.s.web.DefaultSecurityFilterChain     : Creating filter chain: any request, [org.springframework.security.web.context.request.async.WebAsyncManagerIntegrationFilter@2b8a11d7, org.springframework.security.web.context.SecurityContextPersistenceFilter@1704437b, org.springframework.security.web.header.HeaderWriterFilter@fe58644, org.springframework.security.web.authentication.logout.LogoutFilter@7b1a9ab3, org.springframework.security.oauth2.client.web.OAuth2AuthorizationRequestRedirectFilter@3a4d0ca2, org.springframework.security.oauth2.client.web.OAuth2LoginAuthenticationFilter@149162a4, org.springframework.security.web.authentication.ui.DefaultLoginPageGeneratingFilter@4e301795, org.springframework.security.web.authentication.ui.DefaultLogoutPageGeneratingFilter@1391d95f, org.springframework.security.web.savedrequest.RequestCacheAwareFilter@1f4083ac, org.springframework.security.web.servletapi.SecurityContextHolderAwareRequestFilter@3cb4f1a6, org.springframework.security.web.authentication.AnonymousAuthenticationFilter@416bff93, org.springframework.security.web.session.SessionManagementFilter@2ecb87b2, org.springframework.security.web.access.ExceptionTranslationFilter@427946b9, org.springframework.security.web.access.intercept.FilterSecurityInterceptor@617d697]
2022-08-19 22:47:13.889  INFO 9612 --- [    Test worker] o.s.s.concurrent.ThreadPoolTaskExecutor  : Initializing ExecutorService 'applicationTaskExecutor'
2022-08-19 22:47:13.904  WARN 9612 --- [    Test worker] aWebConfiguration$JpaWebMvcConfiguration : spring.jpa.open-in-view is enabled by default. Therefore, database queries may be performed during view rendering. Explicitly configure spring.jpa.open-in-view to disable this warning
2022-08-19 22:47:13.933  INFO 9612 --- [    Test worker] o.s.b.a.w.s.WelcomePageHandlerMapping    : Adding welcome page template: index
2022-08-19 22:47:14.455  INFO 9612 --- [    Test worker] s.a.ScheduledAnnotationBeanPostProcessor : No TaskScheduler/ScheduledExecutorService bean found for scheduled processing
2022-08-19 22:47:14.457  INFO 9612 --- [    Test worker] c.e.s.domain.posts.PostsRepositoryTest   : Started PostsRepositoryTest in 2.349 seconds (JVM running for 21.104)
Hibernate: insert into posts (created_date, modified_date, author, content, title) values (?, ?, ?, ?, ?)
Hibernate: select posts0_.id as id1_0_, posts0_.created_date as created_2_0_, posts0_.modified_date as modified3_0_, posts0_.author as author4_0_, posts0_.content as content5_0_, posts0_.title as title6_0_ from posts posts0_
Hibernate: select posts0_.id as id1_0_, posts0_.created_date as created_2_0_, posts0_.modified_date as modified3_0_, posts0_.author as author4_0_, posts0_.content as content5_0_, posts0_.title as title6_0_ from posts posts0_
Hibernate: delete from posts where id=?
Hibernate: insert into posts (created_date, modified_date, author, content, title) values (?, ?, ?, ?, ?)
Hibernate: select posts0_.id as id1_0_, posts0_.created_date as created_2_0_, posts0_.modified_date as modified3_0_, posts0_.author as author4_0_, posts0_.content as content5_0_, posts0_.title as title6_0_ from posts posts0_
>>>>>>>>> createDate=2022-08-19T22:47:14.613833, modifiedDate=2022-08-19T22:47:14.613833
Hibernate: select posts0_.id as id1_0_, posts0_.created_date as created_2_0_, posts0_.modified_date as modified3_0_, posts0_.author as author4_0_, posts0_.content as content5_0_, posts0_.title as title6_0_ from posts posts0_
Hibernate: delete from posts where id=?
]]></system-out>
  <system-err><![CDATA[]]></system-err>
</testsuite>
