<?xml version="1.0" encoding="UTF-8"?>
<testsuite name="com.example.solospring1.web.PostsApiControllerTest" tests="2" skipped="0" failures="0" errors="0" timestamp="2022-08-30T03:55:26" hostname="DESKTOP-05RMGV8" time="0.288">
  <properties/>
  <testcase name="Posts_등록된다" classname="com.example.solospring1.web.PostsApiControllerTest" time="0.169"/>
  <testcase name="Posts_수정된다" classname="com.example.solospring1.web.PostsApiControllerTest" time="0.117"/>
  <system-out><![CDATA[2022-08-30 12:55:26.088  INFO 27660 --- [    Test worker] .b.t.c.SpringBootTestContextBootstrapper : Neither @ContextConfiguration nor @ContextHierarchy found for test class [com.example.solospring1.web.PostsApiControllerTest], using SpringBootContextLoader
2022-08-30 12:55:26.091  INFO 27660 --- [    Test worker] o.s.t.c.support.AbstractContextLoader    : Could not detect default resource locations for test class [com.example.solospring1.web.PostsApiControllerTest]: no resource found for suffixes {-context.xml, Context.groovy}.
2022-08-30 12:55:26.092  INFO 27660 --- [    Test worker] t.c.s.AnnotationConfigContextLoaderUtils : Could not detect default configuration classes for test class [com.example.solospring1.web.PostsApiControllerTest]: PostsApiControllerTest does not declare any static, non-private, non-final, nested classes annotated with @Configuration.
2022-08-30 12:55:26.101  INFO 27660 --- [    Test worker] .b.t.c.SpringBootTestContextBootstrapper : Found @SpringBootConfiguration com.example.solospring1.Application for test class com.example.solospring1.web.PostsApiControllerTest
2022-08-30 12:55:26.106  INFO 27660 --- [    Test worker] .b.t.c.SpringBootTestContextBootstrapper : Loaded default TestExecutionListener class names from location [META-INF/spring.factories]: [org.springframework.security.test.context.support.WithSecurityContextTestExecutionListener, org.springframework.security.test.context.support.ReactorContextTestExecutionListener, org.springframework.boot.test.autoconfigure.restdocs.RestDocsTestExecutionListener, org.springframework.boot.test.autoconfigure.web.client.MockRestServiceServerResetTestExecutionListener, org.springframework.boot.test.autoconfigure.web.servlet.MockMvcPrintOnlyOnFailureTestExecutionListener, org.springframework.boot.test.autoconfigure.web.servlet.WebDriverTestExecutionListener, org.springframework.boot.test.mock.mockito.MockitoTestExecutionListener, org.springframework.boot.test.mock.mockito.ResetMocksTestExecutionListener, org.springframework.test.context.web.ServletTestExecutionListener, org.springframework.test.context.support.DirtiesContextBeforeModesTestExecutionListener, org.springframework.test.context.support.DependencyInjectionTestExecutionListener, org.springframework.test.context.support.DirtiesContextTestExecutionListener, org.springframework.test.context.transaction.TransactionalTestExecutionListener, org.springframework.test.context.jdbc.SqlScriptsTestExecutionListener]
2022-08-30 12:55:26.108  INFO 27660 --- [    Test worker] .b.t.c.SpringBootTestContextBootstrapper : Using TestExecutionListeners: [org.springframework.test.context.web.ServletTestExecutionListener@5f6e6902, org.springframework.test.context.support.DirtiesContextBeforeModesTestExecutionListener@54d8236c, org.springframework.boot.test.mock.mockito.MockitoTestExecutionListener@5697f801, org.springframework.boot.test.autoconfigure.SpringBootDependencyInjectionTestExecutionListener@15382815, org.springframework.test.context.support.DirtiesContextTestExecutionListener@39b265c9, org.springframework.test.context.transaction.TransactionalTestExecutionListener@2c64e2d0, org.springframework.test.context.jdbc.SqlScriptsTestExecutionListener@45da40ad, org.springframework.security.test.context.support.WithSecurityContextTestExecutionListener@11f6a083, org.springframework.security.test.context.support.ReactorContextTestExecutionListener@3bc00359, org.springframework.boot.test.autoconfigure.restdocs.RestDocsTestExecutionListener@30b91493, org.springframework.boot.test.autoconfigure.web.client.MockRestServiceServerResetTestExecutionListener@2771e501, org.springframework.boot.test.autoconfigure.web.servlet.MockMvcPrintOnlyOnFailureTestExecutionListener@3a7abd4, org.springframework.boot.test.autoconfigure.web.servlet.WebDriverTestExecutionListener@3846ba32, org.springframework.boot.test.mock.mockito.ResetMocksTestExecutionListener@40a32c25]
2022-08-30 12:55:26.124  INFO 27660 --- [    Test worker] o.a.c.c.C.[Tomcat].[localhost].[/]       : Initializing Spring TestDispatcherServlet ''
2022-08-30 12:55:26.125  INFO 27660 --- [    Test worker] o.s.t.web.servlet.TestDispatcherServlet  : Initializing Servlet ''
2022-08-30 12:55:26.130  INFO 27660 --- [    Test worker] o.s.t.web.servlet.TestDispatcherServlet  : Completed initialization in 5 ms
Hibernate: insert into posts (created_date, modified_date, author, content, title) values (?, ?, ?, ?, ?)
Hibernate: select posts0_.id as id1_0_, posts0_.created_date as created_2_0_, posts0_.modified_date as modified3_0_, posts0_.author as author4_0_, posts0_.content as content5_0_, posts0_.title as title6_0_ from posts posts0_
Hibernate: select posts0_.id as id1_0_, posts0_.created_date as created_2_0_, posts0_.modified_date as modified3_0_, posts0_.author as author4_0_, posts0_.content as content5_0_, posts0_.title as title6_0_ from posts posts0_
Hibernate: delete from posts where id=?
2022-08-30 12:55:26.291  INFO 27660 --- [    Test worker] o.a.c.c.C.[Tomcat].[localhost].[/]       : Initializing Spring TestDispatcherServlet ''
2022-08-30 12:55:26.296  INFO 27660 --- [    Test worker] o.s.t.web.servlet.TestDispatcherServlet  : Initializing Servlet ''
2022-08-30 12:55:26.303  INFO 27660 --- [    Test worker] o.s.t.web.servlet.TestDispatcherServlet  : Completed initialization in 6 ms
Hibernate: insert into posts (created_date, modified_date, author, content, title) values (?, ?, ?, ?, ?)
Hibernate: select posts0_.id as id1_0_0_, posts0_.created_date as created_2_0_0_, posts0_.modified_date as modified3_0_0_, posts0_.author as author4_0_0_, posts0_.content as content5_0_0_, posts0_.title as title6_0_0_ from posts posts0_ where posts0_.id=?
Hibernate: update posts set created_date=?, modified_date=?, author=?, content=?, title=? where id=?
Hibernate: select posts0_.id as id1_0_, posts0_.created_date as created_2_0_, posts0_.modified_date as modified3_0_, posts0_.author as author4_0_, posts0_.content as content5_0_, posts0_.title as title6_0_ from posts posts0_
Hibernate: select posts0_.id as id1_0_, posts0_.created_date as created_2_0_, posts0_.modified_date as modified3_0_, posts0_.author as author4_0_, posts0_.content as content5_0_, posts0_.title as title6_0_ from posts posts0_
Hibernate: delete from posts where id=?
]]></system-out>
  <system-err><![CDATA[]]></system-err>
</testsuite>
