<?xml version="1.0" encoding="UTF-8"?>
<testsuite name="com.example.solospring1.web.HelloControllerTest" tests="2" skipped="0" failures="0" errors="0" timestamp="2022-08-19T13:47:15" hostname="DESKTOP-05RMGV8" time="0.132">
  <properties/>
  <testcase name="helloDto가_리턴된다" classname="com.example.solospring1.web.HelloControllerTest" time="0.121"/>
  <testcase name="return_hello" classname="com.example.solospring1.web.HelloControllerTest" time="0.011"/>
  <system-out><![CDATA[2022-08-19 22:47:14.639  INFO 9612 --- [    Test worker] .b.t.a.w.s.WebMvcTestContextBootstrapper : Neither @ContextConfiguration nor @ContextHierarchy found for test class [com.example.solospring1.web.HelloControllerTest], using SpringBootContextLoader
2022-08-19 22:47:14.642  INFO 9612 --- [    Test worker] o.s.t.c.support.AbstractContextLoader    : Could not detect default resource locations for test class [com.example.solospring1.web.HelloControllerTest]: no resource found for suffixes {-context.xml, Context.groovy}.
2022-08-19 22:47:14.642  INFO 9612 --- [    Test worker] t.c.s.AnnotationConfigContextLoaderUtils : Could not detect default configuration classes for test class [com.example.solospring1.web.HelloControllerTest]: HelloControllerTest does not declare any static, non-private, non-final, nested classes annotated with @Configuration.
2022-08-19 22:47:14.668  INFO 9612 --- [    Test worker] .b.t.c.SpringBootTestContextBootstrapper : Found @SpringBootConfiguration com.example.solospring1.Application for test class com.example.solospring1.web.HelloControllerTest
2022-08-19 22:47:14.670  INFO 9612 --- [    Test worker] .b.t.a.w.s.WebMvcTestContextBootstrapper : Loaded default TestExecutionListener class names from location [META-INF/spring.factories]: [org.springframework.security.test.context.support.WithSecurityContextTestExecutionListener, org.springframework.security.test.context.support.ReactorContextTestExecutionListener, org.springframework.boot.test.autoconfigure.restdocs.RestDocsTestExecutionListener, org.springframework.boot.test.autoconfigure.web.client.MockRestServiceServerResetTestExecutionListener, org.springframework.boot.test.autoconfigure.web.servlet.MockMvcPrintOnlyOnFailureTestExecutionListener, org.springframework.boot.test.autoconfigure.web.servlet.WebDriverTestExecutionListener, org.springframework.boot.test.mock.mockito.MockitoTestExecutionListener, org.springframework.boot.test.mock.mockito.ResetMocksTestExecutionListener, org.springframework.test.context.web.ServletTestExecutionListener, org.springframework.test.context.support.DirtiesContextBeforeModesTestExecutionListener, org.springframework.test.context.support.DependencyInjectionTestExecutionListener, org.springframework.test.context.support.DirtiesContextTestExecutionListener, org.springframework.test.context.transaction.TransactionalTestExecutionListener, org.springframework.test.context.jdbc.SqlScriptsTestExecutionListener]
2022-08-19 22:47:14.672  INFO 9612 --- [    Test worker] .b.t.a.w.s.WebMvcTestContextBootstrapper : Using TestExecutionListeners: [org.springframework.test.context.web.ServletTestExecutionListener@75cfb958, org.springframework.test.context.support.DirtiesContextBeforeModesTestExecutionListener@40ff56f7, org.springframework.boot.test.mock.mockito.MockitoTestExecutionListener@64648af1, org.springframework.boot.test.autoconfigure.SpringBootDependencyInjectionTestExecutionListener@42d65ffc, org.springframework.test.context.support.DirtiesContextTestExecutionListener@4adb2b87, org.springframework.test.context.transaction.TransactionalTestExecutionListener@70a984c5, org.springframework.test.context.jdbc.SqlScriptsTestExecutionListener@30dabb23, org.springframework.security.test.context.support.WithSecurityContextTestExecutionListener@40032b7b, org.springframework.security.test.context.support.ReactorContextTestExecutionListener@5317a7ef, org.springframework.boot.test.autoconfigure.restdocs.RestDocsTestExecutionListener@6fa48ee4, org.springframework.boot.test.autoconfigure.web.client.MockRestServiceServerResetTestExecutionListener@a422390, org.springframework.boot.test.autoconfigure.web.servlet.MockMvcPrintOnlyOnFailureTestExecutionListener@53c39950, org.springframework.boot.test.autoconfigure.web.servlet.WebDriverTestExecutionListener@3d056418, org.springframework.boot.test.mock.mockito.ResetMocksTestExecutionListener@769d0ef2]

  .   ____          _            __ _ _
 /\\ / ___'_ __ _ _(_)_ __  __ _ \ \ \ \
( ( )\___ | '_ | '_| | '_ \/ _` | \ \ \ \
 \\/  ___)| |_)| | | | | || (_| |  ) ) ) )
  '  |____| .__|_| |_|_| |_\__, | / / / /
 =========|_|==============|___/=/_/_/_/
 :: Spring Boot ::        (v2.1.7.RELEASE)

2022-08-19 22:47:14.728  INFO 9612 --- [    Test worker] c.e.solospring1.web.HelloControllerTest  : Starting HelloControllerTest on DESKTOP-05RMGV8 with PID 9612 (started by ki wook in G:\spring\soloSpring1)
2022-08-19 22:47:14.728  INFO 9612 --- [    Test worker] c.e.solospring1.web.HelloControllerTest  : The following profiles are active: oauth
2022-08-19 22:47:15.282  INFO 9612 --- [    Test worker] o.s.s.concurrent.ThreadPoolTaskExecutor  : Initializing ExecutorService 'applicationTaskExecutor'
2022-08-19 22:47:15.320  INFO 9612 --- [    Test worker] o.s.b.a.w.s.WelcomePageHandlerMapping    : Adding welcome page template: index
2022-08-19 22:47:15.564  INFO 9612 --- [    Test worker] .s.s.UserDetailsServiceAutoConfiguration : 

Using generated security password: b8f11888-0abe-4f70-9c16-2a0136dae842

2022-08-19 22:47:15.696  INFO 9612 --- [    Test worker] o.s.s.web.DefaultSecurityFilterChain     : Creating filter chain: any request, [org.springframework.security.web.context.request.async.WebAsyncManagerIntegrationFilter@672710d5, org.springframework.security.web.context.SecurityContextPersistenceFilter@42210d27, org.springframework.security.web.header.HeaderWriterFilter@12418d3f, org.springframework.security.web.csrf.CsrfFilter@630a647c, org.springframework.security.web.authentication.logout.LogoutFilter@2f5378cd, org.springframework.security.web.authentication.UsernamePasswordAuthenticationFilter@633328d3, org.springframework.security.web.authentication.ui.DefaultLoginPageGeneratingFilter@9a932a4, org.springframework.security.web.authentication.ui.DefaultLogoutPageGeneratingFilter@55880c, org.springframework.security.web.authentication.www.BasicAuthenticationFilter@5078e308, org.springframework.security.web.savedrequest.RequestCacheAwareFilter@74307afd, org.springframework.security.web.servletapi.SecurityContextHolderAwareRequestFilter@6a063931, org.springframework.security.web.authentication.AnonymousAuthenticationFilter@17224bad, org.springframework.security.web.session.SessionManagementFilter@2258228f, org.springframework.security.web.access.ExceptionTranslationFilter@19e5e846, org.springframework.security.web.access.intercept.FilterSecurityInterceptor@7a98f106]
2022-08-19 22:47:15.721  INFO 9612 --- [    Test worker] o.s.b.t.m.w.SpringBootMockServletContext : Initializing Spring TestDispatcherServlet ''
2022-08-19 22:47:15.721  INFO 9612 --- [    Test worker] o.s.t.web.servlet.TestDispatcherServlet  : Initializing Servlet ''
2022-08-19 22:47:15.732  INFO 9612 --- [    Test worker] o.s.t.web.servlet.TestDispatcherServlet  : Completed initialization in 11 ms
2022-08-19 22:47:15.785  INFO 9612 --- [    Test worker] c.e.solospring1.web.HelloControllerTest  : Started HelloControllerTest in 1.11 seconds (JVM running for 22.431)
]]></system-out>
  <system-err><![CDATA[]]></system-err>
</testsuite>
