<?xml version="1.0" encoding="UTF-8"?>
<testsuite name="com.example.solospring1.web.dto.HelloResponseDtoTest" tests="1" skipped="0" failures="0" errors="0" timestamp="2022-08-19T13:47:16" hostname="DESKTOP-05RMGV8" time="0.006">
  <properties/>
  <testcase name="롬복_기능_테스트" classname="com.example.solospring1.web.dto.HelloResponseDtoTest" time="0.006"/>
  <system-out><![CDATA[]]></system-out>
  <system-err><![CDATA[]]></system-err>
</testsuite>
