<?xml version="1.0" encoding="UTF-8"?>
<testsuite name="com.example.solospring1.web.HelloControllerTest" tests="2" skipped="0" failures="0" errors="0" timestamp="2022-08-30T03:55:11" hostname="DESKTOP-05RMGV8" time="1.299">
  <properties/>
  <testcase name="helloDto가_리턴된다" classname="com.example.solospring1.web.HelloControllerTest" time="1.246"/>
  <testcase name="return_hello" classname="com.example.solospring1.web.HelloControllerTest" time="0.05"/>
  <system-out><![CDATA[2022-08-30 12:55:02.307  INFO 27660 --- [    Test worker] .b.t.a.w.s.WebMvcTestContextBootstrapper : Neither @ContextConfiguration nor @ContextHierarchy found for test class [com.example.solospring1.web.HelloControllerTest], using SpringBootContextLoader
2022-08-30 12:55:02.310  INFO 27660 --- [    Test worker] o.s.t.c.support.AbstractContextLoader    : Could not detect default resource locations for test class [com.example.solospring1.web.HelloControllerTest]: no resource found for suffixes {-context.xml, Context.groovy}.
2022-08-30 12:55:02.311  INFO 27660 --- [    Test worker] t.c.s.AnnotationConfigContextLoaderUtils : Could not detect default configuration classes for test class [com.example.solospring1.web.HelloControllerTest]: HelloControllerTest does not declare any static, non-private, non-final, nested classes annotated with @Configuration.
2022-08-30 12:55:02.447  INFO 27660 --- [    Test worker] .b.t.c.SpringBootTestContextBootstrapper : Found @SpringBootConfiguration com.example.solospring1.Application for test class com.example.solospring1.web.HelloControllerTest
2022-08-30 12:55:02.450  INFO 27660 --- [    Test worker] .b.t.a.w.s.WebMvcTestContextBootstrapper : Loaded default TestExecutionListener class names from location [META-INF/spring.factories]: [org.springframework.security.test.context.support.WithSecurityContextTestExecutionListener, org.springframework.security.test.context.support.ReactorContextTestExecutionListener, org.springframework.boot.test.autoconfigure.restdocs.RestDocsTestExecutionListener, org.springframework.boot.test.autoconfigure.web.client.MockRestServiceServerResetTestExecutionListener, org.springframework.boot.test.autoconfigure.web.servlet.MockMvcPrintOnlyOnFailureTestExecutionListener, org.springframework.boot.test.autoconfigure.web.servlet.WebDriverTestExecutionListener, org.springframework.boot.test.mock.mockito.MockitoTestExecutionListener, org.springframework.boot.test.mock.mockito.ResetMocksTestExecutionListener, org.springframework.test.context.web.ServletTestExecutionListener, org.springframework.test.context.support.DirtiesContextBeforeModesTestExecutionListener, org.springframework.test.context.support.DependencyInjectionTestExecutionListener, org.springframework.test.context.support.DirtiesContextTestExecutionListener, org.springframework.test.context.transaction.TransactionalTestExecutionListener, org.springframework.test.context.jdbc.SqlScriptsTestExecutionListener]
2022-08-30 12:55:02.490  INFO 27660 --- [    Test worker] .b.t.a.w.s.WebMvcTestContextBootstrapper : Using TestExecutionListeners: [org.springframework.test.context.web.ServletTestExecutionListener@22195d06, org.springframework.test.context.support.DirtiesContextBeforeModesTestExecutionListener@1f591b2e, org.springframework.boot.test.mock.mockito.MockitoTestExecutionListener@1e205025, org.springframework.boot.test.autoconfigure.SpringBootDependencyInjectionTestExecutionListener@c10f7a8, org.springframework.test.context.support.DirtiesContextTestExecutionListener@64096a41, org.springframework.test.context.transaction.TransactionalTestExecutionListener@33de9d85, org.springframework.test.context.jdbc.SqlScriptsTestExecutionListener@2f6352a3, org.springframework.security.test.context.support.WithSecurityContextTestExecutionListener@24455d50, org.springframework.security.test.context.support.ReactorContextTestExecutionListener@bb160fb, org.springframework.boot.test.autoconfigure.restdocs.RestDocsTestExecutionListener@4cc4f6bd, org.springframework.boot.test.autoconfigure.web.client.MockRestServiceServerResetTestExecutionListener@798753cc, org.springframework.boot.test.autoconfigure.web.servlet.MockMvcPrintOnlyOnFailureTestExecutionListener@77262e71, org.springframework.boot.test.autoconfigure.web.servlet.WebDriverTestExecutionListener@77902ed6, org.springframework.boot.test.mock.mockito.ResetMocksTestExecutionListener@1c0a4f87]

  .   ____          _            __ _ _
 /\\ / ___'_ __ _ _(_)_ __  __ _ \ \ \ \
( ( )\___ | '_ | '_| | '_ \/ _` | \ \ \ \
 \\/  ___)| |_)| | | | | || (_| |  ) ) ) )
  '  |____| .__|_| |_|_| |_\__, | / / / /
 =========|_|==============|___/=/_/_/_/
 :: Spring Boot ::        (v2.1.7.RELEASE)

2022-08-30 12:55:02.770  INFO 27660 --- [    Test worker] c.e.solospring1.web.HelloControllerTest  : Starting HelloControllerTest on DESKTOP-05RMGV8 with PID 27660 (started by ki wook in G:\spring\soloSpring1)
2022-08-30 12:55:02.770  INFO 27660 --- [    Test worker] c.e.solospring1.web.HelloControllerTest  : The following profiles are active: oauth
2022-08-30 12:55:08.953  INFO 27660 --- [    Test worker] o.s.s.concurrent.ThreadPoolTaskExecutor  : Initializing ExecutorService 'applicationTaskExecutor'
2022-08-30 12:55:09.400  INFO 27660 --- [    Test worker] o.s.b.a.w.s.WelcomePageHandlerMapping    : Adding welcome page template: index
2022-08-30 12:55:10.588  INFO 27660 --- [    Test worker] .s.s.UserDetailsServiceAutoConfiguration : 

Using generated security password: ca9f4748-55fc-4205-ac92-a76bc90f3a4f

2022-08-30 12:55:11.110  INFO 27660 --- [    Test worker] o.s.s.web.DefaultSecurityFilterChain     : Creating filter chain: any request, [org.springframework.security.web.context.request.async.WebAsyncManagerIntegrationFilter@2eea0775, org.springframework.security.web.context.SecurityContextPersistenceFilter@259f0fdb, org.springframework.security.web.header.HeaderWriterFilter@381d7c4c, org.springframework.security.web.csrf.CsrfFilter@3c3357c7, org.springframework.security.web.authentication.logout.LogoutFilter@7acbd3d0, org.springframework.security.web.authentication.UsernamePasswordAuthenticationFilter@3b4b2c03, org.springframework.security.web.authentication.ui.DefaultLoginPageGeneratingFilter@1c2273f6, org.springframework.security.web.authentication.ui.DefaultLogoutPageGeneratingFilter@495a9305, org.springframework.security.web.authentication.www.BasicAuthenticationFilter@2e41b65a, org.springframework.security.web.savedrequest.RequestCacheAwareFilter@655d5285, org.springframework.security.web.servletapi.SecurityContextHolderAwareRequestFilter@36f1bd7e, org.springframework.security.web.authentication.AnonymousAuthenticationFilter@6a0a0f12, org.springframework.security.web.session.SessionManagementFilter@1e3689e7, org.springframework.security.web.access.ExceptionTranslationFilter@1bdb6b36, org.springframework.security.web.access.intercept.FilterSecurityInterceptor@5c438795]
2022-08-30 12:55:11.346  INFO 27660 --- [    Test worker] o.s.b.t.m.w.SpringBootMockServletContext : Initializing Spring TestDispatcherServlet ''
2022-08-30 12:55:11.346  INFO 27660 --- [    Test worker] o.s.t.web.servlet.TestDispatcherServlet  : Initializing Servlet ''
2022-08-30 12:55:11.402  INFO 27660 --- [    Test worker] o.s.t.web.servlet.TestDispatcherServlet  : Completed initialization in 55 ms
2022-08-30 12:55:11.491  INFO 27660 --- [    Test worker] c.e.solospring1.web.HelloControllerTest  : Started HelloControllerTest in 8.95 seconds (JVM running for 22.435)
]]></system-out>
  <system-err><![CDATA[]]></system-err>
</testsuite>
