<?xml version="1.0" encoding="UTF-8"?>
<testsuite name="com.example.solospring1.web.IndexControllerTest" tests="1" skipped="0" failures="0" errors="0" timestamp="2022-08-30T03:55:25" hostname="DESKTOP-05RMGV8" time="0.342">
  <properties/>
  <testcase name="메인페이지_로딩" classname="com.example.solospring1.web.IndexControllerTest" time="0.342"/>
  <system-out><![CDATA[2022-08-30 12:55:12.817  INFO 27660 --- [    Test worker] .b.t.c.SpringBootTestContextBootstrapper : Neither @ContextConfiguration nor @ContextHierarchy found for test class [com.example.solospring1.web.IndexControllerTest], using SpringBootContextLoader
2022-08-30 12:55:12.821  INFO 27660 --- [    Test worker] o.s.t.c.support.AbstractContextLoader    : Could not detect default resource locations for test class [com.example.solospring1.web.IndexControllerTest]: no resource found for suffixes {-context.xml, Context.groovy}.
2022-08-30 12:55:12.822  INFO 27660 --- [    Test worker] t.c.s.AnnotationConfigContextLoaderUtils : Could not detect default configuration classes for test class [com.example.solospring1.web.IndexControllerTest]: IndexControllerTest does not declare any static, non-private, non-final, nested classes annotated with @Configuration.
2022-08-30 12:55:12.834  INFO 27660 --- [    Test worker] .b.t.c.SpringBootTestContextBootstrapper : Found @SpringBootConfiguration com.example.solospring1.Application for test class com.example.solospring1.web.IndexControllerTest
2022-08-30 12:55:12.845  INFO 27660 --- [    Test worker] .b.t.c.SpringBootTestContextBootstrapper : Loaded default TestExecutionListener class names from location [META-INF/spring.factories]: [org.springframework.security.test.context.support.WithSecurityContextTestExecutionListener, org.springframework.security.test.context.support.ReactorContextTestExecutionListener, org.springframework.boot.test.autoconfigure.restdocs.RestDocsTestExecutionListener, org.springframework.boot.test.autoconfigure.web.client.MockRestServiceServerResetTestExecutionListener, org.springframework.boot.test.autoconfigure.web.servlet.MockMvcPrintOnlyOnFailureTestExecutionListener, org.springframework.boot.test.autoconfigure.web.servlet.WebDriverTestExecutionListener, org.springframework.boot.test.mock.mockito.MockitoTestExecutionListener, org.springframework.boot.test.mock.mockito.ResetMocksTestExecutionListener, org.springframework.test.context.web.ServletTestExecutionListener, org.springframework.test.context.support.DirtiesContextBeforeModesTestExecutionListener, org.springframework.test.context.support.DependencyInjectionTestExecutionListener, org.springframework.test.context.support.DirtiesContextTestExecutionListener, org.springframework.test.context.transaction.TransactionalTestExecutionListener, org.springframework.test.context.jdbc.SqlScriptsTestExecutionListener]
2022-08-30 12:55:12.850  INFO 27660 --- [    Test worker] .b.t.c.SpringBootTestContextBootstrapper : Using TestExecutionListeners: [org.springframework.test.context.web.ServletTestExecutionListener@4d1a763c, org.springframework.test.context.support.DirtiesContextBeforeModesTestExecutionListener@1d5ec2ed, org.springframework.boot.test.mock.mockito.MockitoTestExecutionListener@5e2ab1c, org.springframework.boot.test.autoconfigure.SpringBootDependencyInjectionTestExecutionListener@37596b44, org.springframework.test.context.support.DirtiesContextTestExecutionListener@29ec5005, org.springframework.test.context.transaction.TransactionalTestExecutionListener@42ceb67f, org.springframework.test.context.jdbc.SqlScriptsTestExecutionListener@52e44f71, org.springframework.security.test.context.support.WithSecurityContextTestExecutionListener@2e1b1d22, org.springframework.security.test.context.support.ReactorContextTestExecutionListener@653c0c9c, org.springframework.boot.test.autoconfigure.restdocs.RestDocsTestExecutionListener@5276330a, org.springframework.boot.test.autoconfigure.web.client.MockRestServiceServerResetTestExecutionListener@221961f2, org.springframework.boot.test.autoconfigure.web.servlet.MockMvcPrintOnlyOnFailureTestExecutionListener@541d8a9e, org.springframework.boot.test.autoconfigure.web.servlet.WebDriverTestExecutionListener@51c0346d, org.springframework.boot.test.mock.mockito.ResetMocksTestExecutionListener@32cda33c]

  .   ____          _            __ _ _
 /\\ / ___'_ __ _ _(_)_ __  __ _ \ \ \ \
( ( )\___ | '_ | '_| | '_ \/ _` | \ \ \ \
 \\/  ___)| |_)| | | | | || (_| |  ) ) ) )
  '  |____| .__|_| |_|_| |_\__, | / / / /
 =========|_|==============|___/=/_/_/_/
 :: Spring Boot ::        (v2.1.7.RELEASE)

2022-08-30 12:55:13.084  INFO 27660 --- [    Test worker] c.e.solospring1.web.IndexControllerTest  : Starting IndexControllerTest on DESKTOP-05RMGV8 with PID 27660 (started by ki wook in G:\spring\soloSpring1)
2022-08-30 12:55:13.085  INFO 27660 --- [    Test worker] c.e.solospring1.web.IndexControllerTest  : The following profiles are active: oauth
2022-08-30 12:55:14.692  INFO 27660 --- [    Test worker] .s.d.r.c.RepositoryConfigurationDelegate : Bootstrapping Spring Data repositories in DEFAULT mode.
2022-08-30 12:55:14.780  INFO 27660 --- [    Test worker] .s.d.r.c.RepositoryConfigurationDelegate : Finished Spring Data repository scanning in 87ms. Found 2 repository interfaces.
2022-08-30 12:55:15.906  INFO 27660 --- [    Test worker] trationDelegate$BeanPostProcessorChecker : Bean 'org.springframework.transaction.annotation.ProxyTransactionManagementConfiguration' of type [org.springframework.transaction.annotation.ProxyTransactionManagementConfiguration$$EnhancerBySpringCGLIB$$a1610c35] is not eligible for getting processed by all BeanPostProcessors (for example: not eligible for auto-proxying)
2022-08-30 12:55:17.571  INFO 27660 --- [    Test worker] o.s.b.w.embedded.tomcat.TomcatWebServer  : Tomcat initialized with port(s): 0 (http)
2022-08-30 12:55:17.975  INFO 27660 --- [    Test worker] o.apache.catalina.core.StandardService   : Starting service [Tomcat]
2022-08-30 12:55:17.979  INFO 27660 --- [    Test worker] org.apache.catalina.core.StandardEngine  : Starting Servlet engine: [Apache Tomcat/9.0.22]
2022-08-30 12:55:20.134  INFO 27660 --- [    Test worker] o.a.c.c.C.[Tomcat].[localhost].[/]       : Initializing Spring embedded WebApplicationContext
2022-08-30 12:55:20.136  INFO 27660 --- [    Test worker] o.s.web.context.ContextLoader            : Root WebApplicationContext: initialization completed in 7043 ms
2022-08-30 12:55:20.751  INFO 27660 --- [    Test worker] com.zaxxer.hikari.HikariDataSource       : HikariPool-2 - Starting...
2022-08-30 12:55:20.758  INFO 27660 --- [    Test worker] com.zaxxer.hikari.HikariDataSource       : HikariPool-2 - Start completed.
2022-08-30 12:55:20.980  INFO 27660 --- [    Test worker] o.hibernate.jpa.internal.util.LogHelper  : HHH000204: Processing PersistenceUnitInfo [
	name: default
	...]
2022-08-30 12:55:21.258  INFO 27660 --- [    Test worker] org.hibernate.dialect.Dialect            : HHH000400: Using dialect: org.hibernate.dialect.MySQL5InnoDBDialect
Hibernate: drop table if exists posts
Hibernate: drop table if exists user
Hibernate: create table posts (id bigint not null auto_increment, created_date datetime, modified_date datetime, author varchar(255), content TEXT not null, title varchar(500) not null, primary key (id)) engine=InnoDB
Hibernate: create table user (id bigint not null auto_increment, created_date datetime, modified_date datetime, email varchar(255) not null, name varchar(255) not null, picture varchar(255), role varchar(255) not null, primary key (id)) engine=InnoDB
2022-08-30 12:55:22.493  INFO 27660 --- [    Test worker] o.h.t.schema.internal.SchemaCreatorImpl  : HHH000476: Executing import script 'org.hibernate.tool.schema.internal.exec.ScriptSourceInputNonExistentImpl@5e05a706'
2022-08-30 12:55:22.496  INFO 27660 --- [    Test worker] j.LocalContainerEntityManagerFactoryBean : Initialized JPA EntityManagerFactory for persistence unit 'default'
2022-08-30 12:55:23.554  INFO 27660 --- [    Test worker] o.h.h.i.QueryTranslatorFactoryInitiator  : HHH000397: Using ASTQueryTranslatorFactory
2022-08-30 12:55:23.793  INFO 27660 --- [    Test worker] o.s.s.web.DefaultSecurityFilterChain     : Creating filter chain: any request, [org.springframework.security.web.context.request.async.WebAsyncManagerIntegrationFilter@e316971, org.springframework.security.web.context.SecurityContextPersistenceFilter@ceeb762, org.springframework.security.web.header.HeaderWriterFilter@7f129873, org.springframework.security.web.authentication.logout.LogoutFilter@45d28ab7, org.springframework.security.oauth2.client.web.OAuth2AuthorizationRequestRedirectFilter@2c3f47ba, org.springframework.security.oauth2.client.web.OAuth2LoginAuthenticationFilter@ca9ffc0, org.springframework.security.web.authentication.ui.DefaultLoginPageGeneratingFilter@3c7e7ffd, org.springframework.security.web.authentication.ui.DefaultLogoutPageGeneratingFilter@808f65, org.springframework.security.web.savedrequest.RequestCacheAwareFilter@3b75fdd0, org.springframework.security.web.servletapi.SecurityContextHolderAwareRequestFilter@504f2bcd, org.springframework.security.web.authentication.AnonymousAuthenticationFilter@56540a58, org.springframework.security.web.session.SessionManagementFilter@6ac0c3aa, org.springframework.security.web.access.ExceptionTranslationFilter@296b758, org.springframework.security.web.access.intercept.FilterSecurityInterceptor@527b989a]
2022-08-30 12:55:24.120  INFO 27660 --- [    Test worker] o.s.s.concurrent.ThreadPoolTaskExecutor  : Initializing ExecutorService 'applicationTaskExecutor'
2022-08-30 12:55:24.149  WARN 27660 --- [    Test worker] aWebConfiguration$JpaWebMvcConfiguration : spring.jpa.open-in-view is enabled by default. Therefore, database queries may be performed during view rendering. Explicitly configure spring.jpa.open-in-view to disable this warning
2022-08-30 12:55:24.285  INFO 27660 --- [    Test worker] o.s.b.a.w.s.WelcomePageHandlerMapping    : Adding welcome page template: index
2022-08-30 12:55:25.627  INFO 27660 --- [    Test worker] s.a.ScheduledAnnotationBeanPostProcessor : No TaskScheduler/ScheduledExecutorService bean found for scheduled processing
2022-08-30 12:55:25.715  INFO 27660 --- [    Test worker] o.s.b.w.embedded.tomcat.TomcatWebServer  : Tomcat started on port(s): 8912 (http) with context path ''
2022-08-30 12:55:25.717  INFO 27660 --- [    Test worker] c.e.solospring1.web.IndexControllerTest  : Started IndexControllerTest in 12.842 seconds (JVM running for 36.661)
2022-08-30 12:55:25.923  INFO 27660 --- [o-auto-1-exec-2] o.a.c.c.C.[Tomcat].[localhost].[/]       : Initializing Spring DispatcherServlet 'dispatcherServlet'
2022-08-30 12:55:25.923  INFO 27660 --- [o-auto-1-exec-2] o.s.web.servlet.DispatcherServlet        : Initializing Servlet 'dispatcherServlet'
2022-08-30 12:55:25.956  INFO 27660 --- [o-auto-1-exec-2] o.s.web.servlet.DispatcherServlet        : Completed initialization in 33 ms
Hibernate: select posts0_.id as id1_0_, posts0_.created_date as created_2_0_, posts0_.modified_date as modified3_0_, posts0_.author as author4_0_, posts0_.content as content5_0_, posts0_.title as title6_0_ from posts posts0_ order by posts0_.id DESC
]]></system-out>
  <system-err><![CDATA[]]></system-err>
</testsuite>
